<?xml version="1.0" encoding="UTF-8"?>
<!-- Generated by org.testng.reporters.JUnitReportReporter -->
<testsuite hostname="Mostafizurs-Mac-mini.local" failures="0" tests="2" name="tests.ecommerce.LoginTest" time="18.781" errors="0" timestamp="2025-07-13T23:55:58 EDT" skipped="0">
  <testcase classname="tests.ecommerce.LoginTest" name="testInvalidLogin" time="10.001"/>
  <testcase classname="tests.ecommerce.LoginTest" name="testValidLogin" time="8.780"/>
</testsuite> <!-- tests.ecommerce.LoginTest -->
